VirtualBox GUI VM Selector Window 5.0.22_OSE r108108 linux.amd64 (Jun 18 2016 04:17:22) release log
00:00:00.281297 Log opened 2016-06-29T18:44:23.553044000Z
00:00:00.281298 Build Type: release
00:00:00.281300 OS Product: Linux
00:00:00.281300 OS Release: 4.6.2-1-ARCH
00:00:00.281301 OS Version: #1 SMP PREEMPT Wed Jun 8 08:40:59 CEST 2016
00:00:00.281317 DMI Product Name: 20AQ006HUS
00:00:00.281322 DMI Product Version: ThinkPad T440s
00:00:00.281354 Host RAM: 7678MB total, 5789MB available
00:00:00.281356 Executable: /usr/lib/virtualbox/VirtualBox
00:00:00.281356 Process ID: 6626
00:00:00.281357 Package type: LINUX_64BITS_GENERIC (OSE)
00:00:00.303274 GUI: UIMediumEnumerator: Medium-enumeration started...
00:00:00.407126 GUI: UISelectorWindow: Geometry loaded to: Origin=2x26, Size=958x1054
00:00:00.436007 Failed to open "/dev/vboxdrv", errno=13, rc=VERR_VM_DRIVER_NOT_ACCESSIBLE
00:00:00.442145 GUI: UIMediumEnumerator: Medium-enumeration finished!
00:11:51.877146 GUI: UIMediumEnumerator: Machine (or snapshot) event received, ID = 9221b1ad-45cb-4622-a8b0-9ec929add787
00:11:51.877191 GUI: UIMediumEnumerator:  Old usage: 91e780d5-ee86-4200-a212-368404b2a53a, e70cdb05-9b54-4958-a98d-fc15d40085f2
00:11:51.879770 GUI: UIMediumEnumerator:  New usage: 91e780d5-ee86-4200-a212-368404b2a53a, e70cdb05-9b54-4958-a98d-fc15d40085f2
00:11:51.879797 GUI: UIMediumEnumerator:  Items currently in usage: 91e780d5-ee86-4200-a212-368404b2a53a, e70cdb05-9b54-4958-a98d-fc15d40085f2
00:11:51.879873 GUI: UIMediumEnumerator: Machine (or snapshot) event processed, ID = 9221b1ad-45cb-4622-a8b0-9ec929add787
00:11:51.889494 GUI: UIMediumEnumerator: Medium-enumeration finished!
00:12:03.464512 GUI: UISelectorWindow: Geometry saved as: Origin=962x26, Size=958x1054
